c:\users\bcicomputer01\documents\bci2000_rev1\src\private\signalsource\natussignalsource92\dataexport_9.2\xldataexportclient\debug\xldataexportclient.pch
c:\users\bcicomputer01\documents\bci2000_rev1\src\private\signalsource\natussignalsource92\dataexport_9.2\xldataexportclient\bin.debug\vc141.pdb
c:\users\bcicomputer01\documents\bci2000_rev1\src\private\signalsource\natussignalsource92\dataexport_9.2\xldataexportclient\bin.debug\vc141.idb
c:\users\bcicomputer01\documents\bci2000_rev1\src\private\signalsource\natussignalsource92\dataexport_9.2\xldataexportclient\bin.debug\stdafx.obj
c:\users\bcicomputer01\documents\bci2000_rev1\src\private\signalsource\natussignalsource92\dataexport_9.2\xldataexportclient\bin.debug\guidutil.obj
c:\users\bcicomputer01\documents\bci2000_rev1\src\private\signalsource\natussignalsource92\dataexport_9.2\xldataexportclient\bin.debug\xldataexportclient.obj
c:\users\bcicomputer01\documents\bci2000_rev1\src\private\signalsource\natussignalsource92\dataexport_9.2\xldataexportclient\bin.debug\xldataexportreceiver.obj
c:\users\bcicomputer01\documents\bci2000_rev1\src\private\signalsource\natussignalsource92\dataexport_9.2\xldataexportclient\xldataexportclient.tlb
c:\users\bcicomputer01\documents\bci2000_rev1\src\private\signalsource\natussignalsource92\dataexport_9.2\xldataexportclient\xldataexportclient_p.c
c:\users\bcicomputer01\documents\bci2000_rev1\src\private\signalsource\natussignalsource92\dataexport_9.2\xldataexportclient\xldataexportclient_i.c
c:\users\bcicomputer01\documents\bci2000_rev1\src\private\signalsource\natussignalsource92\dataexport_9.2\xldataexportclient\xldataexportclient.h
c:\users\bcicomputer01\documents\bci2000_rev1\src\private\signalsource\natussignalsource92\dataexport_9.2\xldataexportclient\bin.debug\xldataex.3a1a5170.tlog\cl.command.1.tlog
c:\users\bcicomputer01\documents\bci2000_rev1\src\private\signalsource\natussignalsource92\dataexport_9.2\xldataexportclient\bin.debug\xldataex.3a1a5170.tlog\cl.read.1.tlog
c:\users\bcicomputer01\documents\bci2000_rev1\src\private\signalsource\natussignalsource92\dataexport_9.2\xldataexportclient\bin.debug\xldataex.3a1a5170.tlog\cl.write.1.tlog
c:\users\bcicomputer01\documents\bci2000_rev1\src\private\signalsource\natussignalsource92\dataexport_9.2\xldataexportclient\bin.debug\xldataex.3a1a5170.tlog\midl.command.1.tlog
c:\users\bcicomputer01\documents\bci2000_rev1\src\private\signalsource\natussignalsource92\dataexport_9.2\xldataexportclient\bin.debug\xldataex.3a1a5170.tlog\midl.read.1.tlog
c:\users\bcicomputer01\documents\bci2000_rev1\src\private\signalsource\natussignalsource92\dataexport_9.2\xldataexportclient\bin.debug\xldataex.3a1a5170.tlog\midl.write.1.tlog
c:\users\bcicomputer01\documents\bci2000_rev1\src\private\signalsource\natussignalsource92\dataexport_9.2\xldataexportclient\bin.debug\xldataex.3a1a5170.tlog\rc.command.1.tlog
c:\users\bcicomputer01\documents\bci2000_rev1\src\private\signalsource\natussignalsource92\dataexport_9.2\xldataexportclient\bin.debug\xldataex.3a1a5170.tlog\rc.read.1.tlog
c:\users\bcicomputer01\documents\bci2000_rev1\src\private\signalsource\natussignalsource92\dataexport_9.2\xldataexportclient\bin.debug\xldataex.3a1a5170.tlog\rc.write.1.tlog
