c:\bci2000.x64\src\private\signalsource\natussignalsource\dataexport_9.2\xldataexportclient\debug\xldataexportclient.pch
c:\bci2000.x64\src\private\signalsource\natussignalsource\dataexport_9.2\xldataexportclient\bin.debug\vc142.pdb
c:\bci2000.x64\src\private\signalsource\natussignalsource\dataexport_9.2\xldataexportclient\bin.debug\vc142.idb
c:\bci2000.x64\src\private\signalsource\natussignalsource\dataexport_9.2\xldataexportclient\bin.debug\stdafx.obj
c:\bci2000.x64\src\private\signalsource\natussignalsource\dataexport_9.2\xldataexportclient\bin.debug\xldataexportreceiver.obj
c:\bci2000.x64\src\private\signalsource\natussignalsource\dataexport_9.2\xldataexportclient\xldataexportclient.tlb
c:\bci2000.x64\src\private\signalsource\natussignalsource\dataexport_9.2\xldataexportclient\xldataexportclient_p.c
c:\bci2000.x64\src\private\signalsource\natussignalsource\dataexport_9.2\xldataexportclient\xldataexportclient_i.c
c:\bci2000.x64\src\private\signalsource\natussignalsource\dataexport_9.2\xldataexportclient\xldataexportclient.h
c:\bci2000.x64\src\private\signalsource\natussignalsource\dataexport_9.2\xldataexportclient\bin.debug\xldataexportclient.res
c:\bci2000.x64\src\private\signalsource\natussignalsource\dataexport_9.2\xldataexportclient\bin.debug\xldataex.3a1a5170.tlog\cl.command.1.tlog
c:\bci2000.x64\src\private\signalsource\natussignalsource\dataexport_9.2\xldataexportclient\bin.debug\xldataex.3a1a5170.tlog\cl.read.1.tlog
c:\bci2000.x64\src\private\signalsource\natussignalsource\dataexport_9.2\xldataexportclient\bin.debug\xldataex.3a1a5170.tlog\cl.write.1.tlog
c:\bci2000.x64\src\private\signalsource\natussignalsource\dataexport_9.2\xldataexportclient\bin.debug\xldataex.3a1a5170.tlog\link.command.1.tlog
c:\bci2000.x64\src\private\signalsource\natussignalsource\dataexport_9.2\xldataexportclient\bin.debug\xldataex.3a1a5170.tlog\link.read.1.tlog
c:\bci2000.x64\src\private\signalsource\natussignalsource\dataexport_9.2\xldataexportclient\bin.debug\xldataex.3a1a5170.tlog\link.write.1.tlog
c:\bci2000.x64\src\private\signalsource\natussignalsource\dataexport_9.2\xldataexportclient\bin.debug\xldataex.3a1a5170.tlog\midl.command.1.tlog
c:\bci2000.x64\src\private\signalsource\natussignalsource\dataexport_9.2\xldataexportclient\bin.debug\xldataex.3a1a5170.tlog\midl.read.1.tlog
c:\bci2000.x64\src\private\signalsource\natussignalsource\dataexport_9.2\xldataexportclient\bin.debug\xldataex.3a1a5170.tlog\midl.write.1.tlog
c:\bci2000.x64\src\private\signalsource\natussignalsource\dataexport_9.2\xldataexportclient\bin.debug\xldataex.3a1a5170.tlog\rc.command.1.tlog
c:\bci2000.x64\src\private\signalsource\natussignalsource\dataexport_9.2\xldataexportclient\bin.debug\xldataex.3a1a5170.tlog\rc.read.1.tlog
c:\bci2000.x64\src\private\signalsource\natussignalsource\dataexport_9.2\xldataexportclient\bin.debug\xldataex.3a1a5170.tlog\rc.write.1.tlog
