C:\Program Files (x86)\Microsoft Visual Studio\2019\Community\MSBuild\Microsoft\VC\v160\Microsoft.CppBuild.targets(513,5): warning MSB8028: The intermediate directory (.\Bin.Debug\) contains files shared from another project (XLDataExportClient_8.5.vcxproj).  This can lead to incorrect clean and rebuild behavior.
  Processing .\XLDataExportClient.idl
  XLDataExportClient.idl
  Processing C:\Program Files (x86)\Windows Kits\10\Include\10.0.19041.0\um\oaidl.idl
  oaidl.idl
  Processing C:\Program Files (x86)\Windows Kits\10\Include\10.0.19041.0\um\objidl.idl
  objidl.idl
  Processing C:\Program Files (x86)\Windows Kits\10\Include\10.0.19041.0\um\unknwn.idl
  unknwn.idl
  Processing C:\Program Files (x86)\Windows Kits\10\Include\10.0.19041.0\shared\wtypes.idl
  wtypes.idl
  Processing C:\Program Files (x86)\Windows Kits\10\Include\10.0.19041.0\shared\wtypesbase.idl
  wtypesbase.idl
  Processing C:\Program Files (x86)\Windows Kits\10\Include\10.0.19041.0\shared\basetsd.h
  basetsd.h
  Processing C:\Program Files (x86)\Windows Kits\10\Include\10.0.19041.0\shared\guiddef.h
  guiddef.h
  Processing C:\Program Files (x86)\Windows Kits\10\Include\10.0.19041.0\um\ocidl.idl
  ocidl.idl
  Processing C:\Program Files (x86)\Windows Kits\10\Include\10.0.19041.0\um\oleidl.idl
  oleidl.idl
  Processing C:\Program Files (x86)\Windows Kits\10\Include\10.0.19041.0\um\servprov.idl
  servprov.idl
  Processing C:\Program Files (x86)\Windows Kits\10\Include\10.0.19041.0\um\urlmon.idl
  urlmon.idl
  Processing C:\Program Files (x86)\Windows Kits\10\Include\10.0.19041.0\um\msxml.idl
  msxml.idl
  Processing C:\Program Files (x86)\Windows Kits\10\Include\10.0.19041.0\um\oaidl.acf
  oaidl.acf
  Processing C:\Program Files (x86)\Windows Kits\10\Include\10.0.19041.0\um\ocidl.acf
  ocidl.acf
cl : command line warning D9035: option 'Gm' has been deprecated and will be removed in a future release
  Skipping... (no relevant changes detected)
  StdAfx.cpp
cl : command line warning D9035: option 'Gm' has been deprecated and will be removed in a future release
  XLDataExportClient.cpp
  Generating Code...
  Skipping... (no relevant changes detected)
  GuidUtil.cpp
  NatusPackageInterface.cpp
  NatusDataServer.cpp
  XLDataExportReceiver.cpp
     Creating library ./Bin.Debug/XLDataExportClient.lib and object ./Bin.Debug/XLDataExportClient.exp
  XLDataExportClient.vcxproj -> C:\BCI2000.x64\src\private\SignalSource\NatusSignalSource\DataExport_8.5\XLDataExportClient\Bin.Debug\XLDataExportClient.dll
