c:\bci2000.x64\src\private\signalsource\natussignalsource\dataexport_8.5\xldataexportclient\debug\xldataexportclient.pch
c:\bci2000.x64\src\private\signalsource\natussignalsource\dataexport_8.5\xldataexportclient\bin.debug\vc142.pdb
c:\bci2000.x64\src\private\signalsource\natussignalsource\dataexport_8.5\xldataexportclient\bin.debug\vc142.idb
c:\bci2000.x64\src\private\signalsource\natussignalsource\dataexport_8.5\xldataexportclient\bin.debug\stdafx.obj
c:\bci2000.x64\src\private\signalsource\natussignalsource\dataexport_8.5\xldataexportclient\bin.debug\natusdataserver.obj
c:\bci2000.x64\src\private\signalsource\natussignalsource\dataexport_8.5\xldataexportclient\bin.debug\natuspackageinterface.obj
c:\bci2000.x64\src\private\signalsource\natussignalsource\dataexport_8.5\xldataexportclient\bin.debug\guidutil.obj
c:\bci2000.x64\src\private\signalsource\natussignalsource\dataexport_8.5\xldataexportclient\bin.debug\xldataexportclient.obj
c:\bci2000.x64\src\private\signalsource\natussignalsource\dataexport_8.5\xldataexportclient\bin.debug\xldataexportreceiver.obj
c:\bci2000.x64\src\private\signalsource\natussignalsource\dataexport_8.5\xldataexportclient\bin.debug\xldataexportclient.dll
c:\bci2000.x64\src\private\signalsource\natussignalsource\dataexport_8.5\xldataexportclient\bin.debug\xldataexportclientu.pdb
c:\bci2000.x64\src\private\signalsource\natussignalsource\dataexport_8.5\xldataexportclient\xldataexportclient.tlb
c:\bci2000.x64\src\private\signalsource\natussignalsource\dataexport_8.5\xldataexportclient\xldataexportclient_p.c
c:\bci2000.x64\src\private\signalsource\natussignalsource\dataexport_8.5\xldataexportclient\xldataexportclient_i.c
c:\bci2000.x64\src\private\signalsource\natussignalsource\dataexport_8.5\xldataexportclient\xldataexportclient.h
c:\bci2000.x64\src\private\signalsource\natussignalsource\dataexport_8.5\xldataexportclient\bin.debug\xldataexportclient.res
c:\bci2000.x64\src\private\signalsource\natussignalsource\dataexport_8.5\xldataexportclient\bin.debug\xldataexportclient.lib
c:\bci2000.x64\src\private\signalsource\natussignalsource\dataexport_8.5\xldataexportclient\bin.debug\xldataexportclient.exp
c:\bci2000.x64\src\private\signalsource\natussignalsource\dataexport_8.5\xldataexportclient\bin.debug\xldataex.3a1a5170.tlog\cl.command.1.tlog
c:\bci2000.x64\src\private\signalsource\natussignalsource\dataexport_8.5\xldataexportclient\bin.debug\xldataex.3a1a5170.tlog\cl.read.1.tlog
c:\bci2000.x64\src\private\signalsource\natussignalsource\dataexport_8.5\xldataexportclient\bin.debug\xldataex.3a1a5170.tlog\cl.write.1.tlog
c:\bci2000.x64\src\private\signalsource\natussignalsource\dataexport_8.5\xldataexportclient\bin.debug\xldataex.3a1a5170.tlog\link.command.1.tlog
c:\bci2000.x64\src\private\signalsource\natussignalsource\dataexport_8.5\xldataexportclient\bin.debug\xldataex.3a1a5170.tlog\link.read.1.tlog
c:\bci2000.x64\src\private\signalsource\natussignalsource\dataexport_8.5\xldataexportclient\bin.debug\xldataex.3a1a5170.tlog\link.write.1.tlog
c:\bci2000.x64\src\private\signalsource\natussignalsource\dataexport_8.5\xldataexportclient\bin.debug\xldataex.3a1a5170.tlog\midl.command.1.tlog
c:\bci2000.x64\src\private\signalsource\natussignalsource\dataexport_8.5\xldataexportclient\bin.debug\xldataex.3a1a5170.tlog\midl.read.1.tlog
c:\bci2000.x64\src\private\signalsource\natussignalsource\dataexport_8.5\xldataexportclient\bin.debug\xldataex.3a1a5170.tlog\midl.write.1.tlog
c:\bci2000.x64\src\private\signalsource\natussignalsource\dataexport_8.5\xldataexportclient\bin.debug\xldataex.3a1a5170.tlog\rc.command.1.tlog
c:\bci2000.x64\src\private\signalsource\natussignalsource\dataexport_8.5\xldataexportclient\bin.debug\xldataex.3a1a5170.tlog\rc.read.1.tlog
c:\bci2000.x64\src\private\signalsource\natussignalsource\dataexport_8.5\xldataexportclient\bin.debug\xldataex.3a1a5170.tlog\rc.write.1.tlog
c:\bci2000.x64\src\private\signalsource\natussignalsource\dataexport_8.5\xldataexportclient\bin.debug\xldataex.3a1a5170.tlog\xldataexportclient.write.1u.tlog
